Torch CV-AL PINN
device=cuda:5, dtype=torch.float64, output=/data/hdd3/clb_data/pinnCav/pinoFromTH/output_torch_cv_al
parameters={'pressure_net': 51969, 'gamma_net': 51969, 'total': 103938}
flux_scales={'q_radius': 7.92, 'q_theta': 1150.8767653694997, 'q_theta_pressure': 0.8025267433482239, 'q_theta_motion': 1150.0742386261516}

[stage 1/5] full_film_010: lambda=0.100, xi=4.000, gamma=False, epochs=2000
[validation] stage=full_film_010 epoch=1 cv_p99=4.1683e-02 fb_p99=7.4502e-05 global=1.8357e-03 best=False
[train] stage=full_film_010 epoch=50/2000 loss=6.6592e-05 cv=6.6592e-05 lr=1.000e-04
[train] stage=full_film_010 epoch=100/2000 loss=1.0351e-05 cv=1.0351e-05 lr=2.000e-04
[train] stage=full_film_010 epoch=150/2000 loss=9.1380e-06 cv=9.1380e-06 lr=3.000e-04
[train] stage=full_film_010 epoch=200/2000 loss=8.5953e-06 cv=8.5953e-06 lr=4.000e-04
[validation] stage=full_film_010 epoch=250 cv_p99=1.2720e-02 fb_p99=7.1844e-05 global=7.2463e-04 best=False
[train] stage=full_film_010 epoch=300/2000 loss=4.5829e-06 cv=4.5829e-06 lr=6.000e-04
[train] stage=full_film_010 epoch=350/2000 loss=4.5709e-06 cv=4.5709e-06 lr=7.000e-04
[train] stage=full_film_010 epoch=400/2000 loss=4.5664e-06 cv=4.5664e-06 lr=8.000e-04
[train] stage=full_film_010 epoch=450/2000 loss=4.9819e-06 cv=4.9819e-06 lr=9.000e-04
[validation] stage=full_film_010 epoch=500 cv_p99=1.0561e-02 fb_p99=7.1149e-05 global=7.1961e-04 best=False
[train] stage=full_film_010 epoch=550/2000 loss=4.6646e-06 cv=4.6646e-06 lr=9.973e-04
[train] stage=full_film_010 epoch=600/2000 loss=3.4095e-06 cv=3.4095e-06 lr=9.891e-04
[train] stage=full_film_010 epoch=650/2000 loss=4.3218e-06 cv=4.3218e-06 lr=9.756e-04
[train] stage=full_film_010 epoch=700/2000 loss=3.5070e-06 cv=3.5070e-06 lr=9.568e-04
[validation] stage=full_film_010 epoch=750 cv_p99=8.5302e-03 fb_p99=7.0725e-05 global=9.7683e-04 best=False
[train] stage=full_film_010 epoch=800/2000 loss=3.2505e-06 cv=3.2505e-06 lr=9.046e-04
[train] stage=full_film_010 epoch=850/2000 loss=3.3887e-06 cv=3.3887e-06 lr=8.717e-04
[train] stage=full_film_010 epoch=900/2000 loss=2.9671e-06 cv=2.9671e-06 lr=8.347e-04
[train] stage=full_film_010 epoch=950/2000 loss=3.0864e-06 cv=3.0864e-06 lr=7.941e-04
[validation] stage=full_film_010 epoch=1000 cv_p99=7.4001e-03 fb_p99=7.0113e-05 global=1.2830e-03 best=False
[train] stage=full_film_010 epoch=1050/2000 loss=2.9797e-06 cv=2.9797e-06 lr=7.037e-04
[train] stage=full_film_010 epoch=1100/2000 loss=2.6686e-06 cv=2.6686e-06 lr=6.549e-04
[train] stage=full_film_010 epoch=1150/2000 loss=3.3170e-06 cv=3.3170e-06 lr=6.044e-04
[train] stage=full_film_010 epoch=1200/2000 loss=2.9342e-06 cv=2.9342e-06 lr=5.527e-04
[validation] stage=full_film_010 epoch=1250 cv_p99=6.2198e-03 fb_p99=6.9936e-05 global=1.2876e-03 best=False
[train] stage=full_film_010 epoch=1300/2000 loss=2.9425e-06 cv=2.9425e-06 lr=4.483e-04
[train] stage=full_film_010 epoch=1350/2000 loss=2.6771e-06 cv=2.6771e-06 lr=3.966e-04
[train] stage=full_film_010 epoch=1400/2000 loss=2.6006e-06 cv=2.6006e-06 lr=3.461e-04
[train] stage=full_film_010 epoch=1450/2000 loss=2.9811e-06 cv=2.9811e-06 lr=2.973e-04
[validation] stage=full_film_010 epoch=1500 cv_p99=6.8683e-03 fb_p99=6.9835e-05 global=1.0996e-03 best=False
[train] stage=full_film_010 epoch=1550/2000 loss=2.7820e-06 cv=2.7820e-06 lr=2.069e-04
[train] stage=full_film_010 epoch=1600/2000 loss=2.7259e-06 cv=2.7259e-06 lr=1.663e-04
[train] stage=full_film_010 epoch=1650/2000 loss=2.7749e-06 cv=2.7749e-06 lr=1.293e-04
[train] stage=full_film_010 epoch=1700/2000 loss=2.9392e-06 cv=2.9392e-06 lr=9.640e-05
[validation] stage=full_film_010 epoch=1750 cv_p99=6.3231e-03 fb_p99=6.9896e-05 global=1.1880e-03 best=False
[train] stage=full_film_010 epoch=1800/2000 loss=2.5639e-06 cv=2.5639e-06 lr=4.418e-05
[train] stage=full_film_010 epoch=1850/2000 loss=2.4413e-06 cv=2.4413e-06 lr=2.545e-05
[train] stage=full_film_010 epoch=1900/2000 loss=2.5401e-06 cv=2.5401e-06 lr=1.192e-05
[train] stage=full_film_010 epoch=1950/2000 loss=2.9329e-06 cv=2.9329e-06 lr=3.736e-06
[validation] stage=full_film_010 epoch=2000 cv_p99=6.2963e-03 fb_p99=6.9859e-05 global=1.1732e-03 best=False

[stage 2/5] cavitation_025: lambda=0.250, xi=4.000, gamma=True, epochs=3000
[validation] stage=cavitation_025 epoch=1 cv_p99=1.2694e-02 fb_p99=3.9092e-01 global=1.1726e-03 best=False
[train] stage=cavitation_025 epoch=50/3000 loss=4.0578e-01 cv=1.0529e-04 lr=1.000e-04
[train] stage=cavitation_025 epoch=100/3000 loss=5.8792e-02 cv=3.4441e-03 lr=2.000e-04
[train] stage=cavitation_025 epoch=150/3000 loss=1.2395e-02 cv=4.7310e-03 lr=3.000e-04
[train] stage=cavitation_025 epoch=200/3000 loss=3.5200e-03 cv=3.1907e-03 lr=4.000e-04
[validation] stage=cavitation_025 epoch=250 cv_p99=2.6995e-01 fb_p99=2.3358e-02 global=1.2758e-02 best=False
[train] stage=cavitation_025 epoch=300/3000 loss=1.3820e-03 cv=1.2806e-03 lr=6.000e-04
[train] stage=cavitation_025 epoch=350/3000 loss=1.0296e-03 cv=9.5236e-04 lr=7.000e-04
[train] stage=cavitation_025 epoch=400/3000 loss=7.2337e-04 cv=6.8605e-04 lr=8.000e-04
[train] stage=cavitation_025 epoch=450/3000 loss=1.0391e-03 cv=9.9348e-04 lr=9.000e-04
[validation] stage=cavitation_025 epoch=500 cv_p99=1.7822e-01 fb_p99=4.9202e-03 global=9.9735e-03 best=False
[train] stage=cavitation_025 epoch=550/3000 loss=9.9739e-04 cv=9.1604e-04 lr=9.990e-04
[train] stage=cavitation_025 epoch=600/3000 loss=9.1761e-04 cv=8.4005e-04 lr=9.961e-04
[train] stage=cavitation_025 epoch=650/3000 loss=6.4596e-04 cv=5.6440e-04 lr=9.912e-04
[train] stage=cavitation_025 epoch=700/3000 loss=6.8226e-04 cv=6.0613e-04 lr=9.843e-04
[validation] stage=cavitation_025 epoch=750 cv_p99=1.4126e-01 fb_p99=4.0123e-03 global=8.7458e-03 best=False
[train] stage=cavitation_025 epoch=800/3000 loss=8.3519e-04 cv=7.0792e-04 lr=9.649e-04
[train] stage=cavitation_025 epoch=850/3000 loss=7.2529e-04 cv=6.1434e-04 lr=9.525e-04
[train] stage=cavitation_025 epoch=900/3000 loss=7.4214e-04 cv=6.4372e-04 lr=9.382e-04
[train] stage=cavitation_025 epoch=950/3000 loss=6.4467e-04 cv=5.4777e-04 lr=9.222e-04
[validation] stage=cavitation_025 epoch=1000 cv_p99=1.1471e-01 fb_p99=4.5829e-03 global=8.5264e-03 best=False
[train] stage=cavitation_025 epoch=1050/3000 loss=5.3145e-04 cv=3.9963e-04 lr=8.854e-04
[train] stage=cavitation_025 epoch=1100/3000 loss=6.3241e-04 cv=5.2728e-04 lr=8.646e-04
[train] stage=cavitation_025 epoch=1150/3000 loss=5.2842e-04 cv=4.4568e-04 lr=8.424e-04
[train] stage=cavitation_025 epoch=1200/3000 loss=5.8060e-04 cv=5.0896e-04 lr=8.189e-04
[validation] stage=cavitation_025 epoch=1250 cv_p99=9.4730e-02 fb_p99=4.4882e-03 global=7.0259e-03 best=False
[train] stage=cavitation_025 epoch=1300/3000 loss=4.9585e-04 cv=4.5593e-04 lr=7.681e-04
[train] stage=cavitation_025 epoch=1350/3000 loss=2.9981e-04 cv=2.7824e-04 lr=7.411e-04
[train] stage=cavitation_025 epoch=1400/3000 loss=2.7004e-04 cv=2.6369e-04 lr=7.132e-04
[train] stage=cavitation_025 epoch=1450/3000 loss=3.7707e-04 cv=3.7521e-04 lr=6.844e-04
[validation] stage=cavitation_025 epoch=1500 cv_p99=8.2702e-02 fb_p99=3.1112e-03 global=6.1269e-03 best=False
[train] stage=cavitation_025 epoch=1550/3000 loss=2.2576e-04 cv=2.1678e-04 lr=6.247e-04
[train] stage=cavitation_025 epoch=1600/3000 loss=3.4239e-04 cv=3.3644e-04 lr=5.941e-04
[train] stage=cavitation_025 epoch=1650/3000 loss=3.3430e-04 cv=3.3367e-04 lr=5.631e-04
[train] stage=cavitation_025 epoch=1700/3000 loss=2.8758e-04 cv=2.8839e-04 lr=5.319e-04
[validation] stage=cavitation_025 epoch=1750 cv_p99=8.7071e-02 fb_p99=1.6208e-03 global=5.9374e-03 best=False
[train] stage=cavitation_025 epoch=1800/3000 loss=3.1007e-04 cv=3.0099e-04 lr=4.691e-04
[train] stage=cavitation_025 epoch=1850/3000 loss=2.6015e-04 cv=2.5377e-04 lr=4.379e-04
[train] stage=cavitation_025 epoch=1900/3000 loss=3.3981e-04 cv=3.3587e-04 lr=4.069e-04
[train] stage=cavitation_025 epoch=1950/3000 loss=2.7680e-04 cv=2.7396e-04 lr=3.763e-04
[validation] stage=cavitation_025 epoch=2000 cv_p99=7.9676e-02 fb_p99=1.3219e-03 global=6.1317e-03 best=False
[train] stage=cavitation_025 epoch=2050/3000 loss=3.2278e-04 cv=3.0843e-04 lr=3.166e-04
[train] stage=cavitation_025 epoch=2100/3000 loss=2.8066e-04 cv=2.6146e-04 lr=2.878e-04
[train] stage=cavitation_025 epoch=2150/3000 loss=3.0729e-04 cv=2.9981e-04 lr=2.599e-04
[train] stage=cavitation_025 epoch=2200/3000 loss=2.8848e-04 cv=2.7509e-04 lr=2.329e-04
[validation] stage=cavitation_025 epoch=2250 cv_p99=8.1213e-02 fb_p99=1.1688e-03 global=5.5841e-03 best=False
[train] stage=cavitation_025 epoch=2300/3000 loss=2.7508e-04 cv=2.4933e-04 lr=1.821e-04
[train] stage=cavitation_025 epoch=2350/3000 loss=3.0959e-04 cv=2.8982e-04 lr=1.586e-04
[train] stage=cavitation_025 epoch=2400/3000 loss=2.1964e-04 cv=2.0095e-04 lr=1.364e-04
[train] stage=cavitation_025 epoch=2450/3000 loss=2.9939e-04 cv=2.7325e-04 lr=1.156e-04
[validation] stage=cavitation_025 epoch=2500 cv_p99=7.8591e-02 fb_p99=1.0245e-03 global=5.3174e-03 best=False
[train] stage=cavitation_025 epoch=2550/3000 loss=2.6001e-04 cv=2.3142e-04 lr=7.876e-05
[train] stage=cavitation_025 epoch=2600/3000 loss=3.0722e-04 cv=2.7807e-04 lr=6.278e-05
[train] stage=cavitation_025 epoch=2650/3000 loss=3.5142e-04 cv=3.2545e-04 lr=4.854e-05
[train] stage=cavitation_025 epoch=2700/3000 loss=3.0561e-04 cv=2.6875e-04 lr=3.608e-05
[validation] stage=cavitation_025 epoch=2750 cv_p99=7.8656e-02 fb_p99=9.8517e-04 global=5.2153e-03 best=False
[train] stage=cavitation_025 epoch=2800/3000 loss=2.9855e-04 cv=2.6030e-04 lr=1.669e-05
[train] stage=cavitation_025 epoch=2850/3000 loss=3.1421e-04 cv=2.7475e-04 lr=9.848e-06
[train] stage=cavitation_025 epoch=2900/3000 loss=3.3968e-04 cv=3.0426e-04 lr=4.939e-06
[train] stage=cavitation_025 epoch=2950/3000 loss=2.9647e-04 cv=2.6076e-04 lr=1.986e-06
[validation] stage=cavitation_025 epoch=3000 cv_p99=7.9354e-02 fb_p99=9.7033e-04 global=5.1576e-03 best=False

[stage 3/5] cavitation_050: lambda=0.500, xi=4.000, gamma=True, epochs=3000
[validation] stage=cavitation_050 epoch=1 cv_p99=9.6179e-02 fb_p99=4.0784e-03 global=5.1362e-03 best=False
[train] stage=cavitation_050 epoch=50/3000 loss=3.5677e-04 cv=3.5549e-04 lr=1.000e-04
[train] stage=cavitation_050 epoch=100/3000 loss=3.4517e-04 cv=3.4494e-04 lr=2.000e-04
[train] stage=cavitation_050 epoch=150/3000 loss=4.4286e-04 cv=4.4241e-04 lr=3.000e-04
[train] stage=cavitation_050 epoch=200/3000 loss=2.7070e-04 cv=2.7025e-04 lr=4.000e-04
[validation] stage=cavitation_050 epoch=250 cv_p99=8.9136e-02 fb_p99=1.6450e-03 global=5.1690e-03 best=False
[train] stage=cavitation_050 epoch=300/3000 loss=3.0067e-04 cv=3.0038e-04 lr=6.000e-04
[train] stage=cavitation_050 epoch=350/3000 loss=2.7918e-04 cv=2.7853e-04 lr=7.000e-04
[train] stage=cavitation_050 epoch=400/3000 loss=3.5147e-04 cv=3.5069e-04 lr=8.000e-04
[train] stage=cavitation_050 epoch=450/3000 loss=2.4980e-04 cv=2.4933e-04 lr=9.000e-04
[validation] stage=cavitation_050 epoch=500 cv_p99=7.3420e-02 fb_p99=2.3605e-03 global=2.7495e-03 best=False
[train] stage=cavitation_050 epoch=550/3000 loss=1.8375e-04 cv=1.8302e-04 lr=9.990e-04
[train] stage=cavitation_050 epoch=600/3000 loss=1.9182e-04 cv=1.9150e-04 lr=9.961e-04
[train] stage=cavitation_050 epoch=650/3000 loss=1.9311e-04 cv=1.9298e-04 lr=9.912e-04
[train] stage=cavitation_050 epoch=700/3000 loss=1.3153e-04 cv=1.3152e-04 lr=9.843e-04
[validation] stage=cavitation_050 epoch=750 cv_p99=5.3543e-02 fb_p99=1.5772e-04 global=1.3214e-04 best=False
[train] stage=cavitation_050 epoch=800/3000 loss=1.0061e-04 cv=1.0061e-04 lr=9.649e-04
[train] stage=cavitation_050 epoch=850/3000 loss=7.6909e-05 cv=7.6919e-05 lr=9.525e-04
[train] stage=cavitation_050 epoch=900/3000 loss=5.9465e-05 cv=5.9468e-05 lr=9.382e-04
[train] stage=cavitation_050 epoch=950/3000 loss=1.0328e-04 cv=1.0328e-04 lr=9.222e-04
[validation] stage=cavitation_050 epoch=1000 cv_p99=3.5407e-02 fb_p99=5.1799e-05 global=7.0945e-04 best=False
[train] stage=cavitation_050 epoch=1050/3000 loss=4.1412e-05 cv=4.1411e-05 lr=8.854e-04
[train] stage=cavitation_050 epoch=1100/3000 loss=3.8758e-05 cv=3.8767e-05 lr=8.646e-04
[train] stage=cavitation_050 epoch=1150/3000 loss=2.8244e-05 cv=2.8247e-05 lr=8.424e-04
[train] stage=cavitation_050 epoch=1200/3000 loss=7.3795e-05 cv=7.3800e-05 lr=8.189e-04
[validation] stage=cavitation_050 epoch=1250 cv_p99=2.2195e-02 fb_p99=1.8886e-05 global=1.0272e-03 best=False
[train] stage=cavitation_050 epoch=1300/3000 loss=2.2938e-05 cv=2.2943e-05 lr=7.681e-04
[train] stage=cavitation_050 epoch=1350/3000 loss=1.9792e-05 cv=1.9792e-05 lr=7.411e-04
[train] stage=cavitation_050 epoch=1400/3000 loss=1.7949e-05 cv=1.7951e-05 lr=7.132e-04
[train] stage=cavitation_050 epoch=1450/3000 loss=2.1650e-05 cv=2.1652e-05 lr=6.844e-04
[validation] stage=cavitation_050 epoch=1500 cv_p99=1.9458e-02 fb_p99=1.5948e-05 global=1.4310e-03 best=False
[train] stage=cavitation_050 epoch=1550/3000 loss=1.8257e-05 cv=1.8259e-05 lr=6.247e-04
[train] stage=cavitation_050 epoch=1600/3000 loss=1.2438e-05 cv=1.2439e-05 lr=5.941e-04
[train] stage=cavitation_050 epoch=1650/3000 loss=1.7543e-05 cv=1.7545e-05 lr=5.631e-04
[train] stage=cavitation_050 epoch=1700/3000 loss=1.3147e-05 cv=1.3148e-05 lr=5.319e-04
[validation] stage=cavitation_050 epoch=1750 cv_p99=1.8060e-02 fb_p99=1.4371e-05 global=1.5611e-03 best=False
[train] stage=cavitation_050 epoch=1800/3000 loss=1.6817e-05 cv=1.6818e-05 lr=4.691e-04
[train] stage=cavitation_050 epoch=1850/3000 loss=1.8281e-05 cv=1.8281e-05 lr=4.379e-04
[train] stage=cavitation_050 epoch=1900/3000 loss=1.6277e-05 cv=1.6280e-05 lr=4.069e-04
[train] stage=cavitation_050 epoch=1950/3000 loss=1.2073e-05 cv=1.2074e-05 lr=3.763e-04
[validation] stage=cavitation_050 epoch=2000 cv_p99=1.7411e-02 fb_p99=1.1870e-05 global=1.9396e-03 best=False
[train] stage=cavitation_050 epoch=2050/3000 loss=1.4204e-05 cv=1.4204e-05 lr=3.166e-04
[train] stage=cavitation_050 epoch=2100/3000 loss=1.1656e-05 cv=1.1658e-05 lr=2.878e-04
[train] stage=cavitation_050 epoch=2150/3000 loss=1.2574e-05 cv=1.2576e-05 lr=2.599e-04
[train] stage=cavitation_050 epoch=2200/3000 loss=1.6047e-05 cv=1.6048e-05 lr=2.329e-04
[validation] stage=cavitation_050 epoch=2250 cv_p99=1.7307e-02 fb_p99=9.4596e-06 global=1.8547e-03 best=False
[train] stage=cavitation_050 epoch=2300/3000 loss=1.3960e-05 cv=1.3961e-05 lr=1.821e-04
[train] stage=cavitation_050 epoch=2350/3000 loss=1.3812e-05 cv=1.3815e-05 lr=1.586e-04
[train] stage=cavitation_050 epoch=2400/3000 loss=1.6090e-05 cv=1.6090e-05 lr=1.364e-04
[train] stage=cavitation_050 epoch=2450/3000 loss=1.3734e-05 cv=1.3736e-05 lr=1.156e-04
[validation] stage=cavitation_050 epoch=2500 cv_p99=1.7010e-02 fb_p99=8.8670e-06 global=1.9053e-03 best=False
[train] stage=cavitation_050 epoch=2550/3000 loss=1.4100e-05 cv=1.4099e-05 lr=7.876e-05
[train] stage=cavitation_050 epoch=2600/3000 loss=1.3308e-05 cv=1.3308e-05 lr=6.278e-05
[train] stage=cavitation_050 epoch=2650/3000 loss=1.2571e-05 cv=1.2571e-05 lr=4.854e-05
[train] stage=cavitation_050 epoch=2700/3000 loss=1.3767e-05 cv=1.3766e-05 lr=3.608e-05
[validation] stage=cavitation_050 epoch=2750 cv_p99=1.6681e-02 fb_p99=8.2312e-06 global=1.9254e-03 best=False
[train] stage=cavitation_050 epoch=2800/3000 loss=1.4796e-05 cv=1.4797e-05 lr=1.669e-05
[train] stage=cavitation_050 epoch=2850/3000 loss=1.1587e-05 cv=1.1588e-05 lr=9.848e-06
[train] stage=cavitation_050 epoch=2900/3000 loss=1.1561e-05 cv=1.1563e-05 lr=4.939e-06
[train] stage=cavitation_050 epoch=2950/3000 loss=1.1330e-05 cv=1.1331e-05 lr=1.986e-06
[validation] stage=cavitation_050 epoch=3000 cv_p99=1.6869e-02 fb_p99=8.0881e-06 global=1.9311e-03 best=False

[stage 4/5] cavitation_075: lambda=0.750, xi=2.000, gamma=True, epochs=3000
[validation] stage=cavitation_075 epoch=1 cv_p99=9.8509e-02 fb_p99=8.8238e-06 global=2.5475e-03 best=False
[train] stage=cavitation_075 epoch=50/3000 loss=2.0317e-04 cv=2.0317e-04 lr=1.000e-04
[train] stage=cavitation_075 epoch=100/3000 loss=2.4327e-04 cv=2.4327e-04 lr=2.000e-04
[train] stage=cavitation_075 epoch=150/3000 loss=1.5575e-04 cv=1.5575e-04 lr=3.000e-04
[train] stage=cavitation_075 epoch=200/3000 loss=2.3535e-04 cv=2.3535e-04 lr=4.000e-04
[validation] stage=cavitation_075 epoch=250 cv_p99=6.6430e-02 fb_p99=1.8733e-05 global=5.6412e-03 best=False
[train] stage=cavitation_075 epoch=300/3000 loss=2.2404e-04 cv=2.2404e-04 lr=6.000e-04
[train] stage=cavitation_075 epoch=350/3000 loss=1.5522e-04 cv=1.5515e-04 lr=7.000e-04
[train] stage=cavitation_075 epoch=400/3000 loss=1.7884e-04 cv=1.7884e-04 lr=8.000e-04
[train] stage=cavitation_075 epoch=450/3000 loss=1.7626e-04 cv=1.7626e-04 lr=9.000e-04
[validation] stage=cavitation_075 epoch=500 cv_p99=5.8477e-02 fb_p99=3.4590e-05 global=6.1012e-03 best=False
[train] stage=cavitation_075 epoch=550/3000 loss=1.8256e-04 cv=1.8256e-04 lr=9.990e-04
[train] stage=cavitation_075 epoch=600/3000 loss=2.0272e-04 cv=2.0272e-04 lr=9.961e-04
[train] stage=cavitation_075 epoch=650/3000 loss=1.8397e-04 cv=1.8397e-04 lr=9.912e-04
[train] stage=cavitation_075 epoch=700/3000 loss=1.5731e-04 cv=1.5731e-04 lr=9.843e-04
[validation] stage=cavitation_075 epoch=750 cv_p99=5.7081e-02 fb_p99=3.1988e-05 global=5.9615e-03 best=False
[train] stage=cavitation_075 epoch=800/3000 loss=2.1167e-04 cv=2.1167e-04 lr=9.649e-04
[train] stage=cavitation_075 epoch=850/3000 loss=1.7066e-04 cv=1.7066e-04 lr=9.525e-04
[train] stage=cavitation_075 epoch=900/3000 loss=2.0159e-04 cv=2.0159e-04 lr=9.382e-04
[train] stage=cavitation_075 epoch=950/3000 loss=1.3773e-04 cv=1.3773e-04 lr=9.222e-04
[validation] stage=cavitation_075 epoch=1000 cv_p99=5.5872e-02 fb_p99=1.6798e-04 global=6.7601e-03 best=False
[train] stage=cavitation_075 epoch=1050/3000 loss=1.4571e-04 cv=1.4571e-04 lr=8.854e-04
[train] stage=cavitation_075 epoch=1100/3000 loss=1.5626e-04 cv=1.5626e-04 lr=8.646e-04
[train] stage=cavitation_075 epoch=1150/3000 loss=1.3575e-04 cv=1.3575e-04 lr=8.424e-04
[train] stage=cavitation_075 epoch=1200/3000 loss=1.3387e-04 cv=1.3387e-04 lr=8.189e-04
[validation] stage=cavitation_075 epoch=1250 cv_p99=5.4582e-02 fb_p99=1.1766e-05 global=6.6196e-03 best=False
[train] stage=cavitation_075 epoch=1300/3000 loss=1.5803e-04 cv=1.5803e-04 lr=7.681e-04
[train] stage=cavitation_075 epoch=1350/3000 loss=1.1562e-04 cv=1.1562e-04 lr=7.411e-04
[train] stage=cavitation_075 epoch=1400/3000 loss=1.6374e-04 cv=1.6373e-04 lr=7.132e-04
[train] stage=cavitation_075 epoch=1450/3000 loss=1.4259e-04 cv=1.4259e-04 lr=6.844e-04
[validation] stage=cavitation_075 epoch=1500 cv_p99=5.2025e-02 fb_p99=3.8246e-06 global=6.8144e-03 best=False
[train] stage=cavitation_075 epoch=1550/3000 loss=1.1765e-04 cv=1.1765e-04 lr=6.247e-04
[train] stage=cavitation_075 epoch=1600/3000 loss=1.3030e-04 cv=1.3030e-04 lr=5.941e-04
[train] stage=cavitation_075 epoch=1650/3000 loss=1.2193e-04 cv=1.2193e-04 lr=5.631e-04
[train] stage=cavitation_075 epoch=1700/3000 loss=1.3458e-04 cv=1.3458e-04 lr=5.319e-04
[validation] stage=cavitation_075 epoch=1750 cv_p99=5.1986e-02 fb_p99=5.8776e-06 global=6.7470e-03 best=False
[train] stage=cavitation_075 epoch=1800/3000 loss=1.1004e-04 cv=1.1004e-04 lr=4.691e-04
[train] stage=cavitation_075 epoch=1850/3000 loss=1.2907e-04 cv=1.2907e-04 lr=4.379e-04
[train] stage=cavitation_075 epoch=1900/3000 loss=1.2711e-04 cv=1.2711e-04 lr=4.069e-04
[train] stage=cavitation_075 epoch=1950/3000 loss=1.3201e-04 cv=1.3201e-04 lr=3.763e-04
[validation] stage=cavitation_075 epoch=2000 cv_p99=4.9777e-02 fb_p99=5.2030e-06 global=6.3493e-03 best=False
[train] stage=cavitation_075 epoch=2050/3000 loss=1.2358e-04 cv=1.2358e-04 lr=3.166e-04
[train] stage=cavitation_075 epoch=2100/3000 loss=1.1705e-04 cv=1.1705e-04 lr=2.878e-04
[train] stage=cavitation_075 epoch=2150/3000 loss=1.3720e-04 cv=1.3720e-04 lr=2.599e-04
[train] stage=cavitation_075 epoch=2200/3000 loss=1.1943e-04 cv=1.1942e-04 lr=2.329e-04
[validation] stage=cavitation_075 epoch=2250 cv_p99=4.9280e-02 fb_p99=4.3509e-06 global=6.9139e-03 best=False
[train] stage=cavitation_075 epoch=2300/3000 loss=1.0346e-04 cv=1.0346e-04 lr=1.821e-04
[train] stage=cavitation_075 epoch=2350/3000 loss=1.1628e-04 cv=1.1628e-04 lr=1.586e-04
[train] stage=cavitation_075 epoch=2400/3000 loss=1.2224e-04 cv=1.2224e-04 lr=1.364e-04
[train] stage=cavitation_075 epoch=2450/3000 loss=1.1685e-04 cv=1.1685e-04 lr=1.156e-04
[validation] stage=cavitation_075 epoch=2500 cv_p99=4.8712e-02 fb_p99=3.5499e-06 global=6.6770e-03 best=False
[train] stage=cavitation_075 epoch=2550/3000 loss=1.1225e-04 cv=1.1225e-04 lr=7.876e-05
[train] stage=cavitation_075 epoch=2600/3000 loss=1.1849e-04 cv=1.1849e-04 lr=6.278e-05
[train] stage=cavitation_075 epoch=2650/3000 loss=1.2872e-04 cv=1.2872e-04 lr=4.854e-05
[train] stage=cavitation_075 epoch=2700/3000 loss=8.9236e-05 cv=8.9236e-05 lr=3.608e-05
[validation] stage=cavitation_075 epoch=2750 cv_p99=4.6580e-02 fb_p99=3.3957e-06 global=6.7443e-03 best=False
[train] stage=cavitation_075 epoch=2800/3000 loss=1.1553e-04 cv=1.1553e-04 lr=1.669e-05
[train] stage=cavitation_075 epoch=2850/3000 loss=1.0751e-04 cv=1.0751e-04 lr=9.848e-06
[train] stage=cavitation_075 epoch=2900/3000 loss=1.3078e-04 cv=1.3078e-04 lr=4.939e-06
[train] stage=cavitation_075 epoch=2950/3000 loss=1.3296e-04 cv=1.3296e-04 lr=1.986e-06
[validation] stage=cavitation_075 epoch=3000 cv_p99=4.7313e-02 fb_p99=3.3634e-06 global=6.7201e-03 best=False

[stage 5/5] true_physics: lambda=1.000, xi=1.000, gamma=True, epochs=5000
[validation] stage=true_physics epoch=1 cv_p99=1.5724e-01 fb_p99=3.3683e-06 global=7.3013e-03 best=True
[train] stage=true_physics epoch=50/5000 loss=5.5992e-04 cv=5.5992e-04 lr=1.000e-04
[train] stage=true_physics epoch=100/5000 loss=6.1632e-04 cv=6.1632e-04 lr=2.000e-04
[train] stage=true_physics epoch=150/5000 loss=6.1726e-04 cv=6.1726e-04 lr=3.000e-04
[train] stage=true_physics epoch=200/5000 loss=7.2583e-04 cv=7.2583e-04 lr=4.000e-04
[validation] stage=true_physics epoch=250 cv_p99=1.2818e-01 fb_p99=2.3790e-06 global=8.4048e-03 best=False
[train] stage=true_physics epoch=300/5000 loss=5.6860e-04 cv=5.6860e-04 lr=6.000e-04
[train] stage=true_physics epoch=350/5000 loss=9.8858e-04 cv=9.8858e-04 lr=7.000e-04
[train] stage=true_physics epoch=400/5000 loss=6.6368e-04 cv=6.6368e-04 lr=8.000e-04
[train] stage=true_physics epoch=450/5000 loss=6.3546e-04 cv=6.3546e-04 lr=9.000e-04
[validation] stage=true_physics epoch=500 cv_p99=1.4231e-01 fb_p99=5.3185e-06 global=9.1455e-03 best=False
[train] stage=true_physics epoch=550/5000 loss=8.9633e-04 cv=8.9633e-04 lr=9.997e-04
[train] stage=true_physics epoch=600/5000 loss=1.0555e-03 cv=1.0555e-03 lr=9.988e-04
[train] stage=true_physics epoch=650/5000 loss=8.4055e-04 cv=8.4055e-04 lr=9.973e-04
[train] stage=true_physics epoch=700/5000 loss=7.7829e-04 cv=7.7829e-04 lr=9.951e-04
[validation] stage=true_physics epoch=750 cv_p99=1.2269e-01 fb_p99=8.8903e-06 global=8.2195e-03 best=False
[train] stage=true_physics epoch=800/5000 loss=4.2712e-04 cv=4.2712e-04 lr=9.891e-04
[train] stage=true_physics epoch=850/5000 loss=6.8813e-04 cv=6.8813e-04 lr=9.852e-04
[train] stage=true_physics epoch=900/5000 loss=7.3922e-04 cv=7.3922e-04 lr=9.807e-04
[train] stage=true_physics epoch=950/5000 loss=6.2338e-04 cv=6.2338e-04 lr=9.756e-04
[validation] stage=true_physics epoch=1000 cv_p99=1.1903e-01 fb_p99=5.1398e-06 global=9.0218e-03 best=False
[train] stage=true_physics epoch=1050/5000 loss=6.4932e-04 cv=6.4932e-04 lr=9.636e-04
[train] stage=true_physics epoch=1100/5000 loss=5.5078e-04 cv=5.5078e-04 lr=9.568e-04
[train] stage=true_physics epoch=1150/5000 loss=5.4566e-04 cv=5.4566e-04 lr=9.494e-04
[train] stage=true_physics epoch=1200/5000 loss=7.3770e-04 cv=7.3770e-04 lr=9.415e-04
[validation] stage=true_physics epoch=1250 cv_p99=1.6290e-01 fb_p99=1.4012e-05 global=9.4921e-03 best=False
[train] stage=true_physics epoch=1300/5000 loss=6.4433e-04 cv=6.4433e-04 lr=9.241e-04
[train] stage=true_physics epoch=1350/5000 loss=6.1422e-04 cv=6.1422e-04 lr=9.146e-04
[train] stage=true_physics epoch=1400/5000 loss=4.2218e-04 cv=4.2218e-04 lr=9.046e-04
[train] stage=true_physics epoch=1450/5000 loss=4.7908e-04 cv=4.7908e-04 lr=8.941e-04
[validation] stage=true_physics epoch=1500 cv_p99=1.2347e-01 fb_p99=4.6063e-05 global=7.9989e-03 best=False
[train] stage=true_physics epoch=1550/5000 loss=5.4343e-04 cv=5.4343e-04 lr=8.717e-04
[train] stage=true_physics epoch=1600/5000 loss=4.5700e-04 cv=4.5700e-04 lr=8.598e-04
[train] stage=true_physics epoch=1650/5000 loss=3.4026e-04 cv=3.4026e-04 lr=8.475e-04
[train] stage=true_physics epoch=1700/5000 loss=4.1188e-04 cv=4.1188e-04 lr=8.347e-04
[validation] stage=true_physics epoch=1750 cv_p99=1.1200e-01 fb_p99=6.7965e-07 global=8.6068e-03 best=False
[train] stage=true_physics epoch=1800/5000 loss=6.2273e-04 cv=6.2273e-04 lr=8.080e-04
[train] stage=true_physics epoch=1850/5000 loss=6.5459e-04 cv=6.5458e-04 lr=7.941e-04
[train] stage=true_physics epoch=1900/5000 loss=4.4535e-04 cv=4.4535e-04 lr=7.798e-04
[train] stage=true_physics epoch=1950/5000 loss=5.7927e-04 cv=5.7927e-04 lr=7.652e-04
[validation] stage=true_physics epoch=2000 cv_p99=1.9581e-01 fb_p99=1.9844e-07 global=8.2369e-03 best=False
[train] stage=true_physics epoch=2050/5000 loss=5.1069e-04 cv=5.1069e-04 lr=7.350e-04
[train] stage=true_physics epoch=2100/5000 loss=3.1611e-04 cv=3.1611e-04 lr=7.195e-04
[train] stage=true_physics epoch=2150/5000 loss=6.0280e-04 cv=6.0280e-04 lr=7.037e-04
[train] stage=true_physics epoch=2200/5000 loss=3.7341e-04 cv=3.7341e-04 lr=6.876e-04
[validation] stage=true_physics epoch=2250 cv_p99=1.0874e-01 fb_p99=2.2784e-07 global=8.4993e-03 best=False
[train] stage=true_physics epoch=2300/5000 loss=5.5131e-04 cv=5.5131e-04 lr=6.549e-04
[train] stage=true_physics epoch=2350/5000 loss=3.2193e-04 cv=3.2193e-04 lr=6.382e-04
[train] stage=true_physics epoch=2400/5000 loss=4.4426e-04 cv=4.4426e-04 lr=6.213e-04
[train] stage=true_physics epoch=2450/5000 loss=5.4571e-04 cv=5.4571e-04 lr=6.044e-04
[validation] stage=true_physics epoch=2500 cv_p99=9.9406e-02 fb_p99=2.1983e-07 global=9.1807e-03 best=False
[train] stage=true_physics epoch=2550/5000 loss=6.2425e-04 cv=6.2425e-04 lr=5.700e-04
[train] stage=true_physics epoch=2600/5000 loss=4.4720e-04 cv=4.4720e-04 lr=5.527e-04
[train] stage=true_physics epoch=2650/5000 loss=5.4064e-04 cv=5.4064e-04 lr=5.353e-04
[train] stage=true_physics epoch=2700/5000 loss=4.7467e-04 cv=4.7467e-04 lr=5.179e-04
[validation] stage=true_physics epoch=2750 cv_p99=1.1521e-01 fb_p99=2.2516e-07 global=9.5083e-03 best=False
[train] stage=true_physics epoch=2800/5000 loss=3.9982e-04 cv=3.9982e-04 lr=4.831e-04
[train] stage=true_physics epoch=2850/5000 loss=5.1251e-04 cv=5.1251e-04 lr=4.657e-04
[train] stage=true_physics epoch=2900/5000 loss=4.2568e-04 cv=4.2568e-04 lr=4.483e-04
[train] stage=true_physics epoch=2950/5000 loss=4.2707e-04 cv=4.2707e-04 lr=4.310e-04
[validation] stage=true_physics epoch=3000 cv_p99=9.8190e-02 fb_p99=2.3058e-07 global=8.9369e-03 best=False
[train] stage=true_physics epoch=3050/5000 loss=4.3891e-04 cv=4.3891e-04 lr=3.966e-04
[train] stage=true_physics epoch=3100/5000 loss=3.6652e-04 cv=3.6652e-04 lr=3.797e-04
[train] stage=true_physics epoch=3150/5000 loss=5.9613e-04 cv=5.9613e-04 lr=3.628e-04
[train] stage=true_physics epoch=3200/5000 loss=3.5964e-04 cv=3.5964e-04 lr=3.461e-04
[validation] stage=true_physics epoch=3250 cv_p99=1.0318e-01 fb_p99=2.4036e-07 global=8.8282e-03 best=False
[train] stage=true_physics epoch=3300/5000 loss=4.5051e-04 cv=4.5051e-04 lr=3.134e-04
[train] stage=true_physics epoch=3350/5000 loss=4.5357e-04 cv=4.5357e-04 lr=2.973e-04
[train] stage=true_physics epoch=3400/5000 loss=4.0091e-04 cv=4.0091e-04 lr=2.815e-04
[train] stage=true_physics epoch=3450/5000 loss=4.1969e-04 cv=4.1969e-04 lr=2.660e-04
[validation] stage=true_physics epoch=3500 cv_p99=9.6827e-02 fb_p99=2.1961e-07 global=9.4044e-03 best=False
[train] stage=true_physics epoch=3550/5000 loss=3.1961e-04 cv=3.1961e-04 lr=2.358e-04
[train] stage=true_physics epoch=3600/5000 loss=4.0845e-04 cv=4.0845e-04 lr=2.212e-04
[train] stage=true_physics epoch=3650/5000 loss=4.6521e-04 cv=4.6521e-04 lr=2.069e-04
[train] stage=true_physics epoch=3700/5000 loss=4.9503e-04 cv=4.9503e-04 lr=1.930e-04
[validation] stage=true_physics epoch=3750 cv_p99=9.3918e-02 fb_p99=1.8908e-07 global=9.6339e-03 best=False
[train] stage=true_physics epoch=3800/5000 loss=3.4341e-04 cv=3.4341e-04 lr=1.663e-04
[train] stage=true_physics epoch=3850/5000 loss=3.8747e-04 cv=3.8747e-04 lr=1.535e-04
[train] stage=true_physics epoch=3900/5000 loss=2.9324e-04 cv=2.9324e-04 lr=1.412e-04
[train] stage=true_physics epoch=3950/5000 loss=4.2214e-04 cv=4.2214e-04 lr=1.293e-04
[validation] stage=true_physics epoch=4000 cv_p99=9.0763e-02 fb_p99=1.8344e-07 global=9.6448e-03 best=False
[train] stage=true_physics epoch=4050/5000 loss=3.8390e-04 cv=3.8390e-04 lr=1.069e-04
[train] stage=true_physics epoch=4100/5000 loss=3.6016e-04 cv=3.6016e-04 lr=9.640e-05
[train] stage=true_physics epoch=4150/5000 loss=3.1655e-04 cv=3.1655e-04 lr=8.640e-05
[train] stage=true_physics epoch=4200/5000 loss=2.6935e-04 cv=2.6935e-04 lr=7.690e-05
[validation] stage=true_physics epoch=4250 cv_p99=9.1186e-02 fb_p99=1.7585e-07 global=9.3826e-03 best=False
[train] stage=true_physics epoch=4300/5000 loss=3.9696e-04 cv=3.9696e-04 lr=5.947e-05
[train] stage=true_physics epoch=4350/5000 loss=3.3547e-04 cv=3.3547e-04 lr=5.155e-05
[train] stage=true_physics epoch=4400/5000 loss=3.4035e-04 cv=3.4035e-04 lr=4.418e-05
[train] stage=true_physics epoch=4450/5000 loss=3.4320e-04 cv=3.4320e-04 lr=3.737e-05
[validation] stage=true_physics epoch=4500 cv_p99=8.8294e-02 fb_p99=1.7042e-07 global=9.4655e-03 best=False
[train] stage=true_physics epoch=4550/5000 loss=3.4873e-04 cv=3.4873e-04 lr=2.545e-05
[train] stage=true_physics epoch=4600/5000 loss=3.1023e-04 cv=3.1023e-04 lr=2.035e-05
[train] stage=true_physics epoch=4650/5000 loss=3.3117e-04 cv=3.3117e-04 lr=1.584e-05
[train] stage=true_physics epoch=4700/5000 loss=4.4586e-04 cv=4.4586e-04 lr=1.192e-05
[validation] stage=true_physics epoch=4750 cv_p99=8.9154e-02 fb_p99=1.6692e-07 global=9.3658e-03 best=False
[train] stage=true_physics epoch=4800/5000 loss=2.9972e-04 cv=2.9972e-04 lr=5.861e-06
[train] stage=true_physics epoch=4850/5000 loss=3.3083e-04 cv=3.3083e-04 lr=3.736e-06
[train] stage=true_physics epoch=4900/5000 loss=2.7115e-04 cv=2.7115e-04 lr=2.217e-06
[train] stage=true_physics epoch=4950/5000 loss=3.2134e-04 cv=3.2134e-04 lr=1.304e-06
[validation] stage=true_physics epoch=5000 cv_p99=8.7493e-02 fb_p99=1.6606e-07 global=9.4567e-03 best=False
[L-BFGS] stage=true_physics, max_iter=200
[validation] stage=true_physics epoch=5200 cv_p99=8.6791e-02 fb_p99=1.6533e-07 global=9.3168e-03 best=False

[restore] best checkpoint: stage=true_physics epoch=1 cv_p99=1.5724e-01

[evaluation] preparing FEM data and best-model predictions
[Evaluation 1/2] FEM field and metric comparison
  P_rel_L2                     1.68898557e+00
  G_rel_L2                     9.99999283e-01
  cavitation_IoU               1.17992162e-01
[evaluation] final comparison: /data/hdd3/clb_data/pinnCav/pinoFromTH/output_torch_cv_al/comparison_results
[Evaluation 2/2] Multi-threshold IoU and cavitation isolines
[evaluation] isoline analysis: /data/hdd3/clb_data/pinnCav/pinoFromTH/output_torch_cv_al/isoline_results

[complete] /data/hdd3/clb_data/pinnCav/pinoFromTH/output_torch_cv_al
Torch CV-AL PINN
device=cuda:5, dtype=torch.float64, output=/data/hdd3/clb_data/pinnCav/pinoFromTH/output_torch_cv_al
parameters={'pressure_net': 118017, 'gamma_net': 118017, 'total': 236034}
flux_scales={'q_radius': 7.92, 'q_theta': 1150.8767653694997, 'q_theta_pressure': 0.8025267433482239, 'q_theta_motion': 1150.0742386261516}

[stage 1/5] full_film_010: lambda=0.100, xi=4.000, gamma=False, epochs=2000
[validation] stage=full_film_010 epoch=1 cv_p99=3.4148e-02 fb_p99=7.4468e-05 global=1.4691e-03 best=False
[train] stage=full_film_010 epoch=50/2000 loss=7.4509e-05 cv=7.4509e-05 lr=1.000e-04
[train] stage=full_film_010 epoch=100/2000 loss=9.9432e-06 cv=9.9432e-06 lr=2.000e-04
[train] stage=full_film_010 epoch=150/2000 loss=8.9014e-06 cv=8.9014e-06 lr=3.000e-04
[train] stage=full_film_010 epoch=200/2000 loss=7.9535e-06 cv=7.9535e-06 lr=4.000e-04
[validation] stage=full_film_010 epoch=250 cv_p99=9.3123e-03 fb_p99=7.0975e-05 global=9.1755e-04 best=False
[train] stage=full_film_010 epoch=300/2000 loss=3.4989e-06 cv=3.4989e-06 lr=6.000e-04
[train] stage=full_film_010 epoch=350/2000 loss=3.2810e-06 cv=3.2810e-06 lr=7.000e-04
[train] stage=full_film_010 epoch=400/2000 loss=3.5974e-06 cv=3.5974e-06 lr=8.000e-04
[train] stage=full_film_010 epoch=450/2000 loss=3.9052e-06 cv=3.9052e-06 lr=9.000e-04
[validation] stage=full_film_010 epoch=500 cv_p99=9.0931e-03 fb_p99=7.0197e-05 global=1.0697e-03 best=False
[train] stage=full_film_010 epoch=550/2000 loss=4.0313e-06 cv=4.0313e-06 lr=9.973e-04
[train] stage=full_film_010 epoch=600/2000 loss=3.1795e-06 cv=3.1795e-06 lr=9.891e-04
[train] stage=full_film_010 epoch=650/2000 loss=3.9714e-06 cv=3.9714e-06 lr=9.756e-04
[train] stage=full_film_010 epoch=700/2000 loss=3.4809e-06 cv=3.4809e-06 lr=9.568e-04
[validation] stage=full_film_010 epoch=750 cv_p99=7.5896e-03 fb_p99=6.9697e-05 global=1.1320e-03 best=False
[train] stage=full_film_010 epoch=800/2000 loss=2.9741e-06 cv=2.9741e-06 lr=9.046e-04
[train] stage=full_film_010 epoch=850/2000 loss=3.4075e-06 cv=3.4075e-06 lr=8.717e-04
[train] stage=full_film_010 epoch=900/2000 loss=2.9725e-06 cv=2.9725e-06 lr=8.347e-04
[train] stage=full_film_010 epoch=950/2000 loss=2.8040e-06 cv=2.8040e-06 lr=7.941e-04
[validation] stage=full_film_010 epoch=1000 cv_p99=6.4509e-03 fb_p99=7.0126e-05 global=1.1787e-03 best=False
[train] stage=full_film_010 epoch=1050/2000 loss=2.6292e-06 cv=2.6292e-06 lr=7.037e-04
[train] stage=full_film_010 epoch=1100/2000 loss=2.5416e-06 cv=2.5416e-06 lr=6.549e-04
[train] stage=full_film_010 epoch=1150/2000 loss=2.6960e-06 cv=2.6960e-06 lr=6.044e-04
[train] stage=full_film_010 epoch=1200/2000 loss=2.6253e-06 cv=2.6253e-06 lr=5.527e-04
[validation] stage=full_film_010 epoch=1250 cv_p99=6.3282e-03 fb_p99=7.1199e-05 global=1.0755e-03 best=False
[train] stage=full_film_010 epoch=1300/2000 loss=2.6099e-06 cv=2.6099e-06 lr=4.483e-04
[train] stage=full_film_010 epoch=1350/2000 loss=2.2561e-06 cv=2.2561e-06 lr=3.966e-04
[train] stage=full_film_010 epoch=1400/2000 loss=2.2758e-06 cv=2.2758e-06 lr=3.461e-04
[train] stage=full_film_010 epoch=1450/2000 loss=2.6528e-06 cv=2.6528e-06 lr=2.973e-04
[validation] stage=full_film_010 epoch=1500 cv_p99=6.3657e-03 fb_p99=7.1086e-05 global=9.0981e-04 best=False
[train] stage=full_film_010 epoch=1550/2000 loss=2.4259e-06 cv=2.4259e-06 lr=2.069e-04
[train] stage=full_film_010 epoch=1600/2000 loss=1.9596e-06 cv=1.9596e-06 lr=1.663e-04
[train] stage=full_film_010 epoch=1650/2000 loss=2.1911e-06 cv=2.1911e-06 lr=1.293e-04
[train] stage=full_film_010 epoch=1700/2000 loss=2.3676e-06 cv=2.3676e-06 lr=9.640e-05
[validation] stage=full_film_010 epoch=1750 cv_p99=5.8498e-03 fb_p99=7.1151e-05 global=9.8517e-04 best=False
[train] stage=full_film_010 epoch=1800/2000 loss=2.1548e-06 cv=2.1548e-06 lr=4.418e-05
[train] stage=full_film_010 epoch=1850/2000 loss=2.0401e-06 cv=2.0401e-06 lr=2.545e-05
[train] stage=full_film_010 epoch=1900/2000 loss=2.1874e-06 cv=2.1874e-06 lr=1.192e-05
[train] stage=full_film_010 epoch=1950/2000 loss=2.4344e-06 cv=2.4344e-06 lr=3.736e-06
[validation] stage=full_film_010 epoch=2000 cv_p99=5.8922e-03 fb_p99=7.1131e-05 global=9.6595e-04 best=False

[stage 2/5] cavitation_025: lambda=0.250, xi=4.000, gamma=True, epochs=3000
[validation] stage=cavitation_025 epoch=1 cv_p99=1.2211e-02 fb_p99=3.9161e-01 global=9.6494e-04 best=False
[train] stage=cavitation_025 epoch=50/3000 loss=4.0772e-01 cv=8.1278e-05 lr=1.000e-04
[train] stage=cavitation_025 epoch=100/3000 loss=1.5047e-02 cv=8.7167e-03 lr=2.000e-04
[train] stage=cavitation_025 epoch=150/3000 loss=3.0006e-03 cv=2.8257e-03 lr=3.000e-04
[train] stage=cavitation_025 epoch=200/3000 loss=1.9851e-03 cv=1.8711e-03 lr=4.000e-04
[validation] stage=cavitation_025 epoch=250 cv_p99=1.6852e-01 fb_p99=9.7224e-03 global=8.8430e-03 best=False
[train] stage=cavitation_025 epoch=300/3000 loss=8.2098e-04 cv=5.9573e-04 lr=6.000e-04
[train] stage=cavitation_025 epoch=350/3000 loss=6.3287e-04 cv=4.6059e-04 lr=7.000e-04
[train] stage=cavitation_025 epoch=400/3000 loss=5.3381e-04 cv=3.7715e-04 lr=8.000e-04
[train] stage=cavitation_025 epoch=450/3000 loss=4.6367e-04 cv=3.7931e-04 lr=9.000e-04
[validation] stage=cavitation_025 epoch=500 cv_p99=9.4644e-02 fb_p99=1.0211e-02 global=4.8095e-03 best=False
[train] stage=cavitation_025 epoch=550/3000 loss=3.2343e-04 cv=2.8628e-04 lr=9.990e-04
[train] stage=cavitation_025 epoch=600/3000 loss=3.3598e-04 cv=3.1198e-04 lr=9.961e-04
[train] stage=cavitation_025 epoch=650/3000 loss=2.4250e-04 cv=2.1961e-04 lr=9.912e-04
[train] stage=cavitation_025 epoch=700/3000 loss=2.1432e-04 cv=1.9959e-04 lr=9.843e-04
[validation] stage=cavitation_025 epoch=750 cv_p99=8.0192e-02 fb_p99=3.7914e-03 global=4.6190e-03 best=False
[train] stage=cavitation_025 epoch=800/3000 loss=2.6394e-04 cv=2.4463e-04 lr=9.649e-04
[train] stage=cavitation_025 epoch=850/3000 loss=1.8309e-04 cv=1.7034e-04 lr=9.525e-04
[train] stage=cavitation_025 epoch=900/3000 loss=2.0494e-04 cv=1.9854e-04 lr=9.382e-04
[train] stage=cavitation_025 epoch=950/3000 loss=1.6239e-04 cv=1.5529e-04 lr=9.222e-04
[validation] stage=cavitation_025 epoch=1000 cv_p99=7.1824e-02 fb_p99=3.5115e-03 global=4.2891e-03 best=False
[train] stage=cavitation_025 epoch=1050/3000 loss=1.9880e-04 cv=1.8073e-04 lr=8.854e-04
[train] stage=cavitation_025 epoch=1100/3000 loss=1.0382e-04 cv=9.0912e-05 lr=8.646e-04
[train] stage=cavitation_025 epoch=1150/3000 loss=1.3361e-04 cv=1.2474e-04 lr=8.424e-04
[train] stage=cavitation_025 epoch=1200/3000 loss=8.8580e-05 cv=7.7392e-05 lr=8.189e-04
[validation] stage=cavitation_025 epoch=1250 cv_p99=5.2372e-02 fb_p99=1.9449e-03 global=2.3889e-03 best=False
[train] stage=cavitation_025 epoch=1300/3000 loss=7.8279e-05 cv=5.9966e-05 lr=7.681e-04
[train] stage=cavitation_025 epoch=1350/3000 loss=6.3826e-05 cv=5.5554e-05 lr=7.411e-04
[train] stage=cavitation_025 epoch=1400/3000 loss=4.5475e-05 cv=3.8572e-05 lr=7.132e-04
[train] stage=cavitation_025 epoch=1450/3000 loss=5.8071e-05 cv=5.1205e-05 lr=6.844e-04
[validation] stage=cavitation_025 epoch=1500 cv_p99=4.0671e-02 fb_p99=1.3857e-03 global=2.1676e-03 best=False
[train] stage=cavitation_025 epoch=1550/3000 loss=5.6548e-05 cv=4.9040e-05 lr=6.247e-04
[train] stage=cavitation_025 epoch=1600/3000 loss=4.0814e-05 cv=3.3618e-05 lr=5.941e-04
[train] stage=cavitation_025 epoch=1650/3000 loss=4.4148e-05 cv=3.6928e-05 lr=5.631e-04
[train] stage=cavitation_025 epoch=1700/3000 loss=5.2210e-05 cv=4.1993e-05 lr=5.319e-04
[validation] stage=cavitation_025 epoch=1750 cv_p99=3.6544e-02 fb_p99=1.2627e-03 global=2.8442e-03 best=False
[train] stage=cavitation_025 epoch=1800/3000 loss=4.0165e-05 cv=3.4502e-05 lr=4.691e-04
[train] stage=cavitation_025 epoch=1850/3000 loss=3.9217e-05 cv=2.9579e-05 lr=4.379e-04
[train] stage=cavitation_025 epoch=1900/3000 loss=4.9710e-05 cv=4.1057e-05 lr=4.069e-04
[train] stage=cavitation_025 epoch=1950/3000 loss=5.0665e-05 cv=4.0614e-05 lr=3.763e-04
[validation] stage=cavitation_025 epoch=2000 cv_p99=3.7633e-02 fb_p99=8.6040e-04 global=2.8119e-03 best=False
[train] stage=cavitation_025 epoch=2050/3000 loss=5.5161e-05 cv=4.4012e-05 lr=3.166e-04
[train] stage=cavitation_025 epoch=2100/3000 loss=4.3378e-05 cv=3.7766e-05 lr=2.878e-04
[train] stage=cavitation_025 epoch=2150/3000 loss=3.6002e-05 cv=2.9373e-05 lr=2.599e-04
[train] stage=cavitation_025 epoch=2200/3000 loss=4.0806e-05 cv=3.5699e-05 lr=2.329e-04
[validation] stage=cavitation_025 epoch=2250 cv_p99=3.7078e-02 fb_p99=6.0664e-04 global=2.4588e-03 best=False
[train] stage=cavitation_025 epoch=2300/3000 loss=3.6854e-05 cv=2.9067e-05 lr=1.821e-04
[train] stage=cavitation_025 epoch=2350/3000 loss=4.3070e-05 cv=3.6676e-05 lr=1.586e-04
[train] stage=cavitation_025 epoch=2400/3000 loss=3.5426e-05 cv=2.8757e-05 lr=1.364e-04
[train] stage=cavitation_025 epoch=2450/3000 loss=4.1295e-05 cv=3.3345e-05 lr=1.156e-04
[validation] stage=cavitation_025 epoch=2500 cv_p99=3.6386e-02 fb_p99=4.8172e-04 global=2.3619e-03 best=False
[train] stage=cavitation_025 epoch=2550/3000 loss=3.0230e-05 cv=2.4780e-05 lr=7.876e-05
[train] stage=cavitation_025 epoch=2600/3000 loss=3.6378e-05 cv=2.8741e-05 lr=6.278e-05
[train] stage=cavitation_025 epoch=2650/3000 loss=3.7056e-05 cv=2.7544e-05 lr=4.854e-05
[train] stage=cavitation_025 epoch=2700/3000 loss=4.9088e-05 cv=4.2174e-05 lr=3.608e-05
[validation] stage=cavitation_025 epoch=2750 cv_p99=3.6583e-02 fb_p99=4.4562e-04 global=2.3719e-03 best=False
[train] stage=cavitation_025 epoch=2800/3000 loss=4.8716e-05 cv=3.9591e-05 lr=1.669e-05
[train] stage=cavitation_025 epoch=2850/3000 loss=4.1441e-05 cv=3.4030e-05 lr=9.848e-06
[train] stage=cavitation_025 epoch=2900/3000 loss=5.0085e-05 cv=4.0430e-05 lr=4.939e-06
[train] stage=cavitation_025 epoch=2950/3000 loss=2.8950e-05 cv=2.1819e-05 lr=1.986e-06
[validation] stage=cavitation_025 epoch=3000 cv_p99=3.5788e-02 fb_p99=4.3051e-04 global=2.3158e-03 best=False

[stage 3/5] cavitation_050: lambda=0.500, xi=4.000, gamma=True, epochs=3000
[validation] stage=cavitation_050 epoch=1 cv_p99=3.9660e-02 fb_p99=1.0254e-03 global=2.2994e-03 best=False
[train] stage=cavitation_050 epoch=50/3000 loss=4.0245e-05 cv=4.0228e-05 lr=1.000e-04
[train] stage=cavitation_050 epoch=100/3000 loss=2.7821e-05 cv=2.7815e-05 lr=2.000e-04
[train] stage=cavitation_050 epoch=150/3000 loss=2.7279e-05 cv=2.7235e-05 lr=3.000e-04
[train] stage=cavitation_050 epoch=200/3000 loss=2.1367e-05 cv=2.1349e-05 lr=4.000e-04
[validation] stage=cavitation_050 epoch=250 cv_p99=3.8382e-02 fb_p99=1.1407e-04 global=5.9845e-04 best=False
[train] stage=cavitation_050 epoch=300/3000 loss=4.5263e-05 cv=4.5263e-05 lr=6.000e-04
[train] stage=cavitation_050 epoch=350/3000 loss=4.4801e-05 cv=4.4801e-05 lr=7.000e-04
[train] stage=cavitation_050 epoch=400/3000 loss=5.3941e-05 cv=5.3940e-05 lr=8.000e-04
[train] stage=cavitation_050 epoch=450/3000 loss=3.6900e-05 cv=3.6897e-05 lr=9.000e-04
[validation] stage=cavitation_050 epoch=500 cv_p99=3.3415e-02 fb_p99=2.0293e-05 global=1.5036e-04 best=False
[train] stage=cavitation_050 epoch=550/3000 loss=3.3030e-05 cv=3.3029e-05 lr=9.990e-04
[train] stage=cavitation_050 epoch=600/3000 loss=5.3337e-05 cv=5.3336e-05 lr=9.961e-04
[train] stage=cavitation_050 epoch=650/3000 loss=2.8511e-05 cv=2.8506e-05 lr=9.912e-04
[train] stage=cavitation_050 epoch=700/3000 loss=2.6628e-05 cv=2.6626e-05 lr=9.843e-04
[validation] stage=cavitation_050 epoch=750 cv_p99=1.9929e-02 fb_p99=2.0406e-05 global=5.9118e-04 best=False
[train] stage=cavitation_050 epoch=800/3000 loss=1.7372e-05 cv=1.7371e-05 lr=9.649e-04
[train] stage=cavitation_050 epoch=850/3000 loss=1.9951e-05 cv=1.9950e-05 lr=9.525e-04
[train] stage=cavitation_050 epoch=900/3000 loss=1.2580e-05 cv=1.2579e-05 lr=9.382e-04
[train] stage=cavitation_050 epoch=950/3000 loss=2.6767e-05 cv=2.6767e-05 lr=9.222e-04
[validation] stage=cavitation_050 epoch=1000 cv_p99=2.1011e-02 fb_p99=5.1320e-05 global=5.7119e-04 best=False
[train] stage=cavitation_050 epoch=1050/3000 loss=1.5655e-05 cv=1.5655e-05 lr=8.854e-04
[train] stage=cavitation_050 epoch=1100/3000 loss=1.4503e-05 cv=1.4503e-05 lr=8.646e-04
[train] stage=cavitation_050 epoch=1150/3000 loss=1.0440e-05 cv=1.0439e-05 lr=8.424e-04
[train] stage=cavitation_050 epoch=1200/3000 loss=8.9747e-06 cv=8.9746e-06 lr=8.189e-04
[validation] stage=cavitation_050 epoch=1250 cv_p99=1.4888e-02 fb_p99=2.5937e-06 global=8.0137e-04 best=False
[train] stage=cavitation_050 epoch=1300/3000 loss=1.1427e-05 cv=1.1427e-05 lr=7.681e-04
[train] stage=cavitation_050 epoch=1350/3000 loss=1.0454e-05 cv=1.0454e-05 lr=7.411e-04
[train] stage=cavitation_050 epoch=1400/3000 loss=9.6753e-06 cv=9.6752e-06 lr=7.132e-04
[train] stage=cavitation_050 epoch=1450/3000 loss=9.0885e-06 cv=9.0885e-06 lr=6.844e-04
[validation] stage=cavitation_050 epoch=1500 cv_p99=1.3215e-02 fb_p99=2.8868e-06 global=9.2106e-04 best=False
[train] stage=cavitation_050 epoch=1550/3000 loss=8.3921e-06 cv=8.3920e-06 lr=6.247e-04
[train] stage=cavitation_050 epoch=1600/3000 loss=6.8145e-06 cv=6.8144e-06 lr=5.941e-04
[train] stage=cavitation_050 epoch=1650/3000 loss=7.6570e-06 cv=7.6569e-06 lr=5.631e-04
[train] stage=cavitation_050 epoch=1700/3000 loss=5.7774e-06 cv=5.7773e-06 lr=5.319e-04
[validation] stage=cavitation_050 epoch=1750 cv_p99=1.2722e-02 fb_p99=3.2303e-06 global=1.1206e-03 best=False
[train] stage=cavitation_050 epoch=1800/3000 loss=8.3979e-06 cv=8.3976e-06 lr=4.691e-04
[train] stage=cavitation_050 epoch=1850/3000 loss=8.8939e-06 cv=8.8935e-06 lr=4.379e-04
[train] stage=cavitation_050 epoch=1900/3000 loss=8.3663e-06 cv=8.3660e-06 lr=4.069e-04
[train] stage=cavitation_050 epoch=1950/3000 loss=6.6143e-06 cv=6.6140e-06 lr=3.763e-04
[validation] stage=cavitation_050 epoch=2000 cv_p99=1.3435e-02 fb_p99=3.6228e-06 global=9.2080e-04 best=False
[train] stage=cavitation_050 epoch=2050/3000 loss=8.8712e-06 cv=8.8705e-06 lr=3.166e-04
[train] stage=cavitation_050 epoch=2100/3000 loss=7.1544e-06 cv=7.1537e-06 lr=2.878e-04
[train] stage=cavitation_050 epoch=2150/3000 loss=6.0584e-06 cv=6.0578e-06 lr=2.599e-04
[train] stage=cavitation_050 epoch=2200/3000 loss=8.1108e-06 cv=8.1101e-06 lr=2.329e-04
[validation] stage=cavitation_050 epoch=2250 cv_p99=1.1966e-02 fb_p99=3.9130e-06 global=9.6655e-04 best=False
[train] stage=cavitation_050 epoch=2300/3000 loss=6.4898e-06 cv=6.4883e-06 lr=1.821e-04
[train] stage=cavitation_050 epoch=2350/3000 loss=6.7642e-06 cv=6.7629e-06 lr=1.586e-04
[train] stage=cavitation_050 epoch=2400/3000 loss=6.9479e-06 cv=6.9461e-06 lr=1.364e-04
[train] stage=cavitation_050 epoch=2450/3000 loss=6.7755e-06 cv=6.7738e-06 lr=1.156e-04
[validation] stage=cavitation_050 epoch=2500 cv_p99=1.1990e-02 fb_p99=4.0451e-06 global=9.7593e-04 best=False
[train] stage=cavitation_050 epoch=2550/3000 loss=6.2081e-06 cv=6.2048e-06 lr=7.876e-05
[train] stage=cavitation_050 epoch=2600/3000 loss=7.1819e-06 cv=7.1786e-06 lr=6.278e-05
[train] stage=cavitation_050 epoch=2650/3000 loss=6.3581e-06 cv=6.3552e-06 lr=4.854e-05
[train] stage=cavitation_050 epoch=2700/3000 loss=5.4053e-06 cv=5.4027e-06 lr=3.608e-05
[validation] stage=cavitation_050 epoch=2750 cv_p99=1.1787e-02 fb_p99=4.0924e-06 global=9.6363e-04 best=False
[train] stage=cavitation_050 epoch=2800/3000 loss=7.2453e-06 cv=7.2386e-06 lr=1.669e-05
[train] stage=cavitation_050 epoch=2850/3000 loss=4.7786e-06 cv=4.7735e-06 lr=9.848e-06
[train] stage=cavitation_050 epoch=2900/3000 loss=6.3659e-06 cv=6.3599e-06 lr=4.939e-06
[train] stage=cavitation_050 epoch=2950/3000 loss=5.9032e-06 cv=5.8985e-06 lr=1.986e-06
[validation] stage=cavitation_050 epoch=3000 cv_p99=1.1916e-02 fb_p99=4.0973e-06 global=9.7547e-04 best=False

[stage 4/5] cavitation_075: lambda=0.750, xi=2.000, gamma=True, epochs=3000
[validation] stage=cavitation_075 epoch=1 cv_p99=9.7731e-02 fb_p99=4.3974e-06 global=1.8745e-03 best=False
[train] stage=cavitation_075 epoch=50/3000 loss=1.9847e-04 cv=1.9847e-04 lr=1.000e-04
[train] stage=cavitation_075 epoch=100/3000 loss=2.0125e-04 cv=2.0123e-04 lr=2.000e-04
[train] stage=cavitation_075 epoch=150/3000 loss=1.3463e-04 cv=1.3459e-04 lr=3.000e-04
[train] stage=cavitation_075 epoch=200/3000 loss=1.6433e-04 cv=1.6433e-04 lr=4.000e-04
[validation] stage=cavitation_075 epoch=250 cv_p99=6.8123e-02 fb_p99=1.5554e-05 global=4.6213e-03 best=False
[train] stage=cavitation_075 epoch=300/3000 loss=1.7396e-04 cv=1.7394e-04 lr=6.000e-04
[train] stage=cavitation_075 epoch=350/3000 loss=1.4533e-04 cv=1.4533e-04 lr=7.000e-04
[train] stage=cavitation_075 epoch=400/3000 loss=1.1627e-04 cv=1.1627e-04 lr=8.000e-04
[train] stage=cavitation_075 epoch=450/3000 loss=1.8203e-04 cv=1.8203e-04 lr=9.000e-04
[validation] stage=cavitation_075 epoch=500 cv_p99=6.5483e-02 fb_p99=1.1800e-06 global=5.1429e-03 best=False
[train] stage=cavitation_075 epoch=550/3000 loss=2.1911e-04 cv=2.1911e-04 lr=9.990e-04
[train] stage=cavitation_075 epoch=600/3000 loss=1.3933e-04 cv=1.3933e-04 lr=9.961e-04
[train] stage=cavitation_075 epoch=650/3000 loss=1.3175e-04 cv=1.3175e-04 lr=9.912e-04
[train] stage=cavitation_075 epoch=700/3000 loss=1.1212e-04 cv=1.1212e-04 lr=9.843e-04
[validation] stage=cavitation_075 epoch=750 cv_p99=5.5352e-02 fb_p99=2.0233e-05 global=5.3398e-03 best=False
[train] stage=cavitation_075 epoch=800/3000 loss=1.1506e-04 cv=1.1505e-04 lr=9.649e-04
[train] stage=cavitation_075 epoch=850/3000 loss=1.4703e-04 cv=1.4703e-04 lr=9.525e-04
[train] stage=cavitation_075 epoch=900/3000 loss=1.1024e-04 cv=1.1024e-04 lr=9.382e-04
[train] stage=cavitation_075 epoch=950/3000 loss=8.1643e-05 cv=8.1643e-05 lr=9.222e-04
[validation] stage=cavitation_075 epoch=1000 cv_p99=5.1851e-02 fb_p99=1.7750e-04 global=5.8192e-03 best=False
[train] stage=cavitation_075 epoch=1050/3000 loss=1.2010e-04 cv=1.2010e-04 lr=8.854e-04
[train] stage=cavitation_075 epoch=1100/3000 loss=8.2953e-05 cv=8.2953e-05 lr=8.646e-04
[train] stage=cavitation_075 epoch=1150/3000 loss=9.4706e-05 cv=9.4706e-05 lr=8.424e-04
[train] stage=cavitation_075 epoch=1200/3000 loss=7.2716e-05 cv=7.2716e-05 lr=8.189e-04
[validation] stage=cavitation_075 epoch=1250 cv_p99=4.4990e-02 fb_p99=7.3862e-08 global=5.9932e-03 best=False
[train] stage=cavitation_075 epoch=1300/3000 loss=1.0317e-04 cv=1.0317e-04 lr=7.681e-04
[train] stage=cavitation_075 epoch=1350/3000 loss=6.4634e-05 cv=6.4634e-05 lr=7.411e-04
[train] stage=cavitation_075 epoch=1400/3000 loss=8.2876e-05 cv=8.2876e-05 lr=7.132e-04
[train] stage=cavitation_075 epoch=1450/3000 loss=8.2832e-05 cv=8.2832e-05 lr=6.844e-04
[validation] stage=cavitation_075 epoch=1500 cv_p99=5.4821e-02 fb_p99=8.6100e-08 global=5.9964e-03 best=False
[train] stage=cavitation_075 epoch=1550/3000 loss=7.3231e-05 cv=7.3231e-05 lr=6.247e-04
[train] stage=cavitation_075 epoch=1600/3000 loss=7.2177e-05 cv=7.2177e-05 lr=5.941e-04
[train] stage=cavitation_075 epoch=1650/3000 loss=6.4838e-05 cv=6.4838e-05 lr=5.631e-04
[train] stage=cavitation_075 epoch=1700/3000 loss=5.6136e-05 cv=5.6136e-05 lr=5.319e-04
[validation] stage=cavitation_075 epoch=1750 cv_p99=3.6182e-02 fb_p99=8.9847e-08 global=5.9847e-03 best=False
[train] stage=cavitation_075 epoch=1800/3000 loss=5.0787e-05 cv=5.0787e-05 lr=4.691e-04
[train] stage=cavitation_075 epoch=1850/3000 loss=4.3000e-05 cv=4.3000e-05 lr=4.379e-04
[train] stage=cavitation_075 epoch=1900/3000 loss=4.9100e-05 cv=4.9100e-05 lr=4.069e-04
[train] stage=cavitation_075 epoch=1950/3000 loss=4.7190e-05 cv=4.7190e-05 lr=3.763e-04
[validation] stage=cavitation_075 epoch=2000 cv_p99=3.3216e-02 fb_p99=1.0075e-07 global=6.0673e-03 best=False
[train] stage=cavitation_075 epoch=2050/3000 loss=5.4608e-05 cv=5.4608e-05 lr=3.166e-04
[train] stage=cavitation_075 epoch=2100/3000 loss=3.8152e-05 cv=3.8152e-05 lr=2.878e-04
[train] stage=cavitation_075 epoch=2150/3000 loss=5.2084e-05 cv=5.2084e-05 lr=2.599e-04
[train] stage=cavitation_075 epoch=2200/3000 loss=4.4100e-05 cv=4.4100e-05 lr=2.329e-04
[validation] stage=cavitation_075 epoch=2250 cv_p99=3.1799e-02 fb_p99=1.0549e-07 global=5.9973e-03 best=False
[train] stage=cavitation_075 epoch=2300/3000 loss=3.7051e-05 cv=3.7051e-05 lr=1.821e-04
[train] stage=cavitation_075 epoch=2350/3000 loss=5.3539e-05 cv=5.3539e-05 lr=1.586e-04
[train] stage=cavitation_075 epoch=2400/3000 loss=5.2008e-05 cv=5.2008e-05 lr=1.364e-04
[train] stage=cavitation_075 epoch=2450/3000 loss=3.9910e-05 cv=3.9910e-05 lr=1.156e-04
[validation] stage=cavitation_075 epoch=2500 cv_p99=2.9038e-02 fb_p99=1.1087e-07 global=5.9163e-03 best=False
[train] stage=cavitation_075 epoch=2550/3000 loss=4.4600e-05 cv=4.4600e-05 lr=7.876e-05
[train] stage=cavitation_075 epoch=2600/3000 loss=4.7799e-05 cv=4.7799e-05 lr=6.278e-05
[train] stage=cavitation_075 epoch=2650/3000 loss=4.2116e-05 cv=4.2116e-05 lr=4.854e-05
[train] stage=cavitation_075 epoch=2700/3000 loss=3.7293e-05 cv=3.7293e-05 lr=3.608e-05
[validation] stage=cavitation_075 epoch=2750 cv_p99=2.7130e-02 fb_p99=1.1203e-07 global=5.8919e-03 best=False
[train] stage=cavitation_075 epoch=2800/3000 loss=5.1084e-05 cv=5.1084e-05 lr=1.669e-05
[train] stage=cavitation_075 epoch=2850/3000 loss=4.2764e-05 cv=4.2764e-05 lr=9.848e-06
[train] stage=cavitation_075 epoch=2900/3000 loss=4.7369e-05 cv=4.7369e-05 lr=4.939e-06
[train] stage=cavitation_075 epoch=2950/3000 loss=4.7198e-05 cv=4.7198e-05 lr=1.986e-06
[validation] stage=cavitation_075 epoch=3000 cv_p99=2.6907e-02 fb_p99=1.1349e-07 global=5.9148e-03 best=False

[stage 5/5] true_physics: lambda=1.000, xi=1.000, gamma=True, epochs=5000
[validation] stage=true_physics epoch=1 cv_p99=1.3753e-01 fb_p99=3.3171e-08 global=6.5699e-03 best=True
[train] stage=true_physics epoch=50/5000 loss=4.2809e-04 cv=4.2809e-04 lr=1.000e-04
[train] stage=true_physics epoch=100/5000 loss=3.7396e-04 cv=3.7396e-04 lr=2.000e-04
[train] stage=true_physics epoch=150/5000 loss=3.4724e-04 cv=3.4724e-04 lr=3.000e-04
[train] stage=true_physics epoch=200/5000 loss=3.4050e-04 cv=3.4050e-04 lr=4.000e-04
[validation] stage=true_physics epoch=250 cv_p99=1.0143e-01 fb_p99=3.3085e-08 global=8.0139e-03 best=False
[train] stage=true_physics epoch=300/5000 loss=3.7401e-04 cv=3.7401e-04 lr=6.000e-04
[train] stage=true_physics epoch=350/5000 loss=5.2122e-04 cv=5.2122e-04 lr=7.000e-04
[train] stage=true_physics epoch=400/5000 loss=5.8792e-03 cv=5.8792e-03 lr=8.000e-04
[train] stage=true_physics epoch=450/5000 loss=7.9494e-04 cv=7.9494e-04 lr=9.000e-04
[validation] stage=true_physics epoch=500 cv_p99=1.7116e-01 fb_p99=6.3193e-08 global=7.9177e-03 best=False
[train] stage=true_physics epoch=550/5000 loss=8.1141e-04 cv=8.1141e-04 lr=9.997e-04
[train] stage=true_physics epoch=600/5000 loss=1.4372e-03 cv=1.4372e-03 lr=9.988e-04
[train] stage=true_physics epoch=650/5000 loss=8.9403e-04 cv=8.9403e-04 lr=9.973e-04
[train] stage=true_physics epoch=700/5000 loss=9.2904e-04 cv=9.2904e-04 lr=9.951e-04
[validation] stage=true_physics epoch=750 cv_p99=1.4983e-01 fb_p99=6.5443e-11 global=7.6564e-03 best=False
[train] stage=true_physics epoch=800/5000 loss=6.0171e-04 cv=6.0171e-04 lr=9.891e-04
[train] stage=true_physics epoch=850/5000 loss=8.9545e-04 cv=8.9545e-04 lr=9.852e-04
[train] stage=true_physics epoch=900/5000 loss=8.4075e-04 cv=8.4075e-04 lr=9.807e-04
[train] stage=true_physics epoch=950/5000 loss=7.0181e-04 cv=7.0181e-04 lr=9.756e-04
[validation] stage=true_physics epoch=1000 cv_p99=1.4677e-01 fb_p99=6.5227e-11 global=8.9714e-03 best=False
[train] stage=true_physics epoch=1050/5000 loss=8.8855e-04 cv=8.8855e-04 lr=9.636e-04
[train] stage=true_physics epoch=1100/5000 loss=6.6882e-04 cv=6.6882e-04 lr=9.568e-04
[train] stage=true_physics epoch=1150/5000 loss=6.3224e-04 cv=6.3224e-04 lr=9.494e-04
[train] stage=true_physics epoch=1200/5000 loss=9.1187e-04 cv=9.1187e-04 lr=9.415e-04
[validation] stage=true_physics epoch=1250 cv_p99=1.5587e-01 fb_p99=6.5514e-11 global=8.7683e-03 best=False
[train] stage=true_physics epoch=1300/5000 loss=6.2519e-04 cv=6.2519e-04 lr=9.241e-04
[train] stage=true_physics epoch=1350/5000 loss=8.9957e-04 cv=8.9957e-04 lr=9.146e-04
[train] stage=true_physics epoch=1400/5000 loss=5.8122e-04 cv=5.8122e-04 lr=9.046e-04
[train] stage=true_physics epoch=1450/5000 loss=6.3656e-04 cv=6.3656e-04 lr=8.941e-04
[validation] stage=true_physics epoch=1500 cv_p99=1.5419e-01 fb_p99=6.5205e-11 global=7.9264e-03 best=False
[train] stage=true_physics epoch=1550/5000 loss=7.8821e-04 cv=7.8821e-04 lr=8.717e-04
[train] stage=true_physics epoch=1600/5000 loss=5.5871e-04 cv=5.5871e-04 lr=8.598e-04
[train] stage=true_physics epoch=1650/5000 loss=5.1386e-04 cv=5.1386e-04 lr=8.475e-04
[train] stage=true_physics epoch=1700/5000 loss=4.2938e-04 cv=4.2938e-04 lr=8.347e-04
[validation] stage=true_physics epoch=1750 cv_p99=1.3348e-01 fb_p99=6.5660e-11 global=8.8882e-03 best=False
[train] stage=true_physics epoch=1800/5000 loss=5.7636e-04 cv=5.7636e-04 lr=8.080e-04
[train] stage=true_physics epoch=1850/5000 loss=6.5881e-04 cv=6.5881e-04 lr=7.941e-04
[train] stage=true_physics epoch=1900/5000 loss=5.7077e-04 cv=5.7077e-04 lr=7.798e-04
[train] stage=true_physics epoch=1950/5000 loss=4.9105e-04 cv=4.9105e-04 lr=7.652e-04
[validation] stage=true_physics epoch=2000 cv_p99=1.3155e-01 fb_p99=6.4837e-11 global=8.9532e-03 best=False
[train] stage=true_physics epoch=2050/5000 loss=6.4321e-04 cv=6.4321e-04 lr=7.350e-04
[train] stage=true_physics epoch=2100/5000 loss=4.1882e-04 cv=4.1882e-04 lr=7.195e-04
[train] stage=true_physics epoch=2150/5000 loss=5.5833e-04 cv=5.5833e-04 lr=7.037e-04
[train] stage=true_physics epoch=2200/5000 loss=4.3742e-04 cv=4.3742e-04 lr=6.876e-04
[validation] stage=true_physics epoch=2250 cv_p99=1.4190e-01 fb_p99=6.5591e-11 global=8.4842e-03 best=False
[train] stage=true_physics epoch=2300/5000 loss=4.5852e-04 cv=4.5852e-04 lr=6.549e-04
[train] stage=true_physics epoch=2350/5000 loss=3.9901e-04 cv=3.9901e-04 lr=6.382e-04
[train] stage=true_physics epoch=2400/5000 loss=3.5510e-04 cv=3.5510e-04 lr=6.213e-04
[train] stage=true_physics epoch=2450/5000 loss=4.4044e-04 cv=4.4044e-04 lr=6.044e-04
[validation] stage=true_physics epoch=2500 cv_p99=1.3047e-01 fb_p99=6.5133e-11 global=9.0996e-03 best=False
[train] stage=true_physics epoch=2550/5000 loss=4.9080e-04 cv=4.9080e-04 lr=5.700e-04
[train] stage=true_physics epoch=2600/5000 loss=4.2334e-04 cv=4.2334e-04 lr=5.527e-04
[train] stage=true_physics epoch=2650/5000 loss=6.2812e-04 cv=6.2812e-04 lr=5.353e-04
[train] stage=true_physics epoch=2700/5000 loss=3.8032e-04 cv=3.8032e-04 lr=5.179e-04
[validation] stage=true_physics epoch=2750 cv_p99=1.4294e-01 fb_p99=6.6369e-11 global=9.2123e-03 best=False
[train] stage=true_physics epoch=2800/5000 loss=4.8027e-04 cv=4.8027e-04 lr=4.831e-04
[train] stage=true_physics epoch=2850/5000 loss=5.8894e-04 cv=5.8894e-04 lr=4.657e-04
[train] stage=true_physics epoch=2900/5000 loss=3.8153e-04 cv=3.8153e-04 lr=4.483e-04
[train] stage=true_physics epoch=2950/5000 loss=4.9719e-04 cv=4.9719e-04 lr=4.310e-04
[validation] stage=true_physics epoch=3000 cv_p99=1.2962e-01 fb_p99=6.5718e-11 global=8.8163e-03 best=False
[train] stage=true_physics epoch=3050/5000 loss=5.2936e-04 cv=5.2936e-04 lr=3.966e-04
[train] stage=true_physics epoch=3100/5000 loss=2.4179e-04 cv=2.4179e-04 lr=3.797e-04
[train] stage=true_physics epoch=3150/5000 loss=5.2097e-04 cv=5.2097e-04 lr=3.628e-04
[train] stage=true_physics epoch=3200/5000 loss=2.9716e-04 cv=2.9716e-04 lr=3.461e-04
[validation] stage=true_physics epoch=3250 cv_p99=1.2709e-01 fb_p99=6.6026e-11 global=9.3407e-03 best=False
[train] stage=true_physics epoch=3300/5000 loss=4.0617e-04 cv=4.0617e-04 lr=3.134e-04
[train] stage=true_physics epoch=3350/5000 loss=4.8190e-04 cv=4.8190e-04 lr=2.973e-04
[train] stage=true_physics epoch=3400/5000 loss=4.8734e-04 cv=4.8734e-04 lr=2.815e-04
[train] stage=true_physics epoch=3450/5000 loss=4.5284e-04 cv=4.5284e-04 lr=2.660e-04
[validation] stage=true_physics epoch=3500 cv_p99=1.0688e-01 fb_p99=6.5955e-11 global=9.3172e-03 best=False
[train] stage=true_physics epoch=3550/5000 loss=4.2544e-04 cv=4.2544e-04 lr=2.358e-04
[train] stage=true_physics epoch=3600/5000 loss=3.8173e-04 cv=3.8173e-04 lr=2.212e-04
[train] stage=true_physics epoch=3650/5000 loss=3.7731e-04 cv=3.7731e-04 lr=2.069e-04
[train] stage=true_physics epoch=3700/5000 loss=5.3702e-04 cv=5.3702e-04 lr=1.930e-04
[validation] stage=true_physics epoch=3750 cv_p99=1.1966e-01 fb_p99=6.6188e-11 global=9.6164e-03 best=False
[train] stage=true_physics epoch=3800/5000 loss=3.9920e-04 cv=3.9920e-04 lr=1.663e-04
[train] stage=true_physics epoch=3850/5000 loss=3.8603e-04 cv=3.8603e-04 lr=1.535e-04
[train] stage=true_physics epoch=3900/5000 loss=2.0217e-04 cv=2.0217e-04 lr=1.412e-04
[train] stage=true_physics epoch=3950/5000 loss=4.4446e-04 cv=4.4446e-04 lr=1.293e-04
[validation] stage=true_physics epoch=4000 cv_p99=1.0416e-01 fb_p99=6.6384e-11 global=9.4916e-03 best=False
[train] stage=true_physics epoch=4050/5000 loss=2.1535e-04 cv=2.1535e-04 lr=1.069e-04
[train] stage=true_physics epoch=4100/5000 loss=2.4460e-04 cv=2.4460e-04 lr=9.640e-05
[train] stage=true_physics epoch=4150/5000 loss=2.1118e-04 cv=2.1118e-04 lr=8.640e-05
[train] stage=true_physics epoch=4200/5000 loss=2.5547e-04 cv=2.5547e-04 lr=7.690e-05
[validation] stage=true_physics epoch=4250 cv_p99=1.1068e-01 fb_p99=6.5701e-11 global=9.7662e-03 best=False
[train] stage=true_physics epoch=4300/5000 loss=3.1756e-04 cv=3.1756e-04 lr=5.947e-05
[train] stage=true_physics epoch=4350/5000 loss=3.1316e-04 cv=3.1316e-04 lr=5.155e-05
[train] stage=true_physics epoch=4400/5000 loss=3.0455e-04 cv=3.0455e-04 lr=4.418e-05
[train] stage=true_physics epoch=4450/5000 loss=2.6926e-04 cv=2.6926e-04 lr=3.737e-05
[validation] stage=true_physics epoch=4500 cv_p99=1.0817e-01 fb_p99=6.5972e-11 global=9.6606e-03 best=False
[train] stage=true_physics epoch=4550/5000 loss=2.9393e-04 cv=2.9393e-04 lr=2.545e-05
[train] stage=true_physics epoch=4600/5000 loss=2.6529e-04 cv=2.6529e-04 lr=2.035e-05
[train] stage=true_physics epoch=4650/5000 loss=2.9915e-04 cv=2.9915e-04 lr=1.584e-05
[train] stage=true_physics epoch=4700/5000 loss=2.7692e-04 cv=2.7692e-04 lr=1.192e-05
[validation] stage=true_physics epoch=4750 cv_p99=1.0851e-01 fb_p99=6.6104e-11 global=9.6352e-03 best=False
[train] stage=true_physics epoch=4800/5000 loss=1.9904e-04 cv=1.9904e-04 lr=5.861e-06
[train] stage=true_physics epoch=4850/5000 loss=2.6273e-04 cv=2.6273e-04 lr=3.736e-06
[train] stage=true_physics epoch=4900/5000 loss=3.0206e-04 cv=3.0206e-04 lr=2.217e-06
[train] stage=true_physics epoch=4950/5000 loss=3.0787e-04 cv=3.0787e-04 lr=1.304e-06
[validation] stage=true_physics epoch=5000 cv_p99=1.0615e-01 fb_p99=6.6112e-11 global=9.6422e-03 best=False
[L-BFGS] stage=true_physics, max_iter=200
[validation] stage=true_physics epoch=5200 cv_p99=5.8170e-02 fb_p99=1.4524e-10 global=9.6678e-03 best=False

[restore] best checkpoint: stage=true_physics epoch=1 cv_p99=1.3753e-01

[evaluation] preparing FEM data and best-model predictions
[Evaluation 1/2] FEM field and metric comparison
  P_rel_L2                     1.19657028e+00
  G_rel_L2                     9.99999993e-01
  cavitation_IoU               0.00000000e+00
[evaluation] final comparison: /data/hdd3/clb_data/pinnCav/pinoFromTH/output_torch_cv_al/comparison_results
[Evaluation 2/2] Multi-threshold IoU and cavitation isolines
[evaluation] isoline analysis: /data/hdd3/clb_data/pinnCav/pinoFromTH/output_torch_cv_al/isoline_results

[complete] /data/hdd3/clb_data/pinnCav/pinoFromTH/output_torch_cv_al
